<?xml version="1.0" encoding="UTF-8"?>
<coverage generated="1602316796198" clover="3.2.0">
  <project timestamp="1602316796199" name="All files">
    <metrics statements="6" coveredstatements="5" conditionals="4" coveredconditionals="3" methods="3" coveredmethods="3" elements="13" coveredelements="11" complexity="0" loc="6" ncloc="6" packages="1" files="1" classes="1"/>
    <file name="calc.js" path="/home/andrey/projects/loftschool/testing/src/calc.js">
      <metrics statements="6" coveredstatements="5" conditionals="4" coveredconditionals="3" methods="3" coveredmethods="3"/>
      <line num="4" count="1" type="stmt"/>
      <line num="8" count="1" type="stmt"/>
      <line num="12" count="1" type="cond" truecount="3" falsecount="1"/>
      <line num="13" count="0" type="stmt"/>
      <line num="16" count="1" type="stmt"/>
      <line num="20" count="1" type="stmt"/>
    </file>
  </project>
</coverage>
